rocon_nfc_writer/build/outputs/apk/manifest-merger-indigo-debug-report.txt
-- Merging decision tree log ---
manifest
ADDED from AndroidManifest.xml:2:1
	package
		ADDED from AndroidManifest.xml:3:7
		INJECTED from AndroidManifest.xml:0:0
		INJECTED from AndroidManifest.xml:0:0
	android:versionName
		INJECTED from AndroidManifest.xml:0:0
		INJECTED from AndroidManifest.xml:0:0
	xmlns:tools
		ADDED from AndroidManifest.xml:4:7
	xmlns:android
		ADDED from AndroidManifest.xml:2:11
	android:versionCode
		INJECTED from AndroidManifest.xml:0:0
		INJECTED from AndroidManifest.xml:0:0
uses-permission#android.permission.NFC
ADDED from AndroidManifest.xml:6:5
	android:name
		ADDED from AndroidManifest.xml:6:22
uses-feature#android.hardware.nfc
ADDED from AndroidManifest.xml:7:5
	android:required
		ADDED from AndroidManifest.xml:7:55
	android:name
		ADDED from AndroidManifest.xml:7:19
application
ADDED from AndroidManifest.xml:9:5
MERGED from org.ros.android_core:android_10:0.2.0:18:5
	android:label
		ADDED from AndroidManifest.xml:9:18
		REJECTED from org.ros.android_core:android_10:0.2.0:20:9
	android:allowBackup
		ADDED from AndroidManifest.xml:10:18
	android:icon
		ADDED from AndroidManifest.xml:11:18
		REJECTED from org.ros.android_core:android_10:0.2.0:19:9
	tools:replace
		ADDED from AndroidManifest.xml:12:18
activity#com.github.rosjava.android_remocons.rocon_nfc_writer.RoconNfcWriter
ADDED from AndroidManifest.xml:13:9
	android:label
		ADDED from AndroidManifest.xml:14:19
	android:name
		ADDED from AndroidManifest.xml:13:19
intent-filter#android.intent.action.MAIN+android.intent.category.LAUNCHER
ADDED from AndroidManifest.xml:15:13
action#android.intent.action.MAIN
ADDED from AndroidManifest.xml:16:17
	android:name
		ADDED from AndroidManifest.xml:16:25
category#android.intent.category.LAUNCHER
ADDED from AndroidManifest.xml:17:17
	android:name
		ADDED from AndroidManifest.xml:17:27
uses-sdk
INJECTED from AndroidManifest.xml:0:0 reason: use-sdk injection requested
MERGED from com.github.rosjava.android_remocons:common_tools:0.2.0:8:5
MERGED from org.ros.android_core:android_10:0.2.0:8:5
MERGED from com.github.rosjava.android_extras:gingerbread:0.2.0:8:5
MERGED from com.github.rosjava.android_extras:zxing:0.2.0:7:5
	android:targetSdkVersion
		INJECTED from AndroidManifest.xml:0:0
		INJECTED from AndroidManifest.xml:0:0
	android:minSdkVersion
		INJECTED from AndroidManifest.xml:0:0
		INJECTED from AndroidManifest.xml:0:0
uses-permission#android.permission.WRITE_EXTERNAL_STORAGE
ADDED from org.ros.android_core:android_10:0.2.0:12:5
	android:name
		ADDED from org.ros.android_core:android_10:0.2.0:12:22
uses-permission#android.permission.ACCESS_WIFI_STATE
ADDED from org.ros.android_core:android_10:0.2.0:13:5
	android:name
		ADDED from org.ros.android_core:android_10:0.2.0:13:22
uses-permission#android.permission.CHANGE_WIFI_STATE
ADDED from org.ros.android_core:android_10:0.2.0:14:5
	android:name
		ADDED from org.ros.android_core:android_10:0.2.0:14:22
uses-permission#android.permission.WAKE_LOCK
ADDED from org.ros.android_core:android_10:0.2.0:15:5
	android:name
		ADDED from org.ros.android_core:android_10:0.2.0:15:22
uses-permission#android.permission.SYSTEM_ALERT_WINDOW
ADDED from org.ros.android_core:android_10:0.2.0:16:5
	android:name
		ADDED from org.ros.android_core:android_10:0.2.0:16:22
activity#org.ros.android.MasterChooser
ADDED from org.ros.android_core:android_10:0.2.0:21:9
	android:label
		ADDED from org.ros.android_core:android_10:0.2.0:23:13
	android:launchMode
		ADDED from org.ros.android_core:android_10:0.2.0:24:13
	android:name
		ADDED from org.ros.android_core:android_10:0.2.0:22:13
service#org.ros.android.NodeMainExecutorService
ADDED from org.ros.android_core:android_10:0.2.0:26:9
	tools:ignore
		ADDED from org.ros.android_core:android_10:0.2.0:28:13
	android:name
		ADDED from org.ros.android_core:android_10:0.2.0:27:13
intent-filter#org.ros.android.NodeMainExecutorService
ADDED from org.ros.android_core:android_10:0.2.0:29:13
action#org.ros.android.NodeMainExecutorService
ADDED from org.ros.android_core:android_10:0.2.0:30:17
	android:name
		ADDED from org.ros.android_core:android_10:0.2.0:30:25
android:uses-permission#android.permission.READ_EXTERNAL_STORAGE
IMPLIED from AndroidManifest.xml:2:1 reason: org.ros.android.android_10 requested WRITE_EXTERNAL_STORAGE